> Task :app:checkKotlinGradlePluginConfigurationErrors
> Task :app:preBuild UP-TO-DATE
> Task :app:preDebugBuild UP-TO-DATE
> Task :app:generateDebugBuildConfig UP-TO-DATE
> Task :app:checkDebugAarMetadata UP-TO-DATE
> Task :app:processDebugNavigationResources UP-TO-DATE
> Task :app:compileDebugNavigationResources UP-TO-DATE
> Task :app:generateDebugResValues UP-TO-DATE
> Task :app:mapDebugSourceSetPaths UP-TO-DATE
> Task :app:generateDebugResources UP-TO-DATE
> Task :app:mergeDebugResources UP-TO-DATE
> Task :app:packageDebugResources UP-TO-DATE
> Task :app:parseDebugLocalResources UP-TO-DATE
> Task :app:createDebugCompatibleScreenManifests UP-TO-DATE
> Task :app:extractDeepLinksDebug UP-TO-DATE
> Task :app:processDebugMainManifest UP-TO-DATE
> Task :app:processDebugManifest UP-TO-DATE
> Task :app:processDebugManifestForPackage UP-TO-DATE
> Task :app:processDebugResources UP-TO-DATE

> Task :app:compileDebugKotlin FAILED
e: file:///C:/Users/Aman%20Singh/OneDrive%20-%20Noida%20Institute%20of%20Engineering%20and%20Technology/Desktop/Assistant-Project-Android/app/src/main/java/com/assistant/services/actions/ActionExecutor.kt:72:13 Expecting member declaration
e: file:///C:/Users/Aman%20Singh/OneDrive%20-%20Noida%20Institute%20of%20Engineering%20and%20Technology/Desktop/Assistant-Project-Android/app/src/main/java/com/assistant/services/actions/ActionExecutor.kt:72:16 Expecting member declaration
e: file:///C:/Users/Aman%20Singh/OneDrive%20-%20Noida%20Institute%20of%20Engineering%20and%20Technology/Desktop/Assistant-Project-Android/app/src/main/java/com/assistant/services/actions/ActionExecutor.kt:72:27 Expecting member declaration
e: file:///C:/Users/Aman%20Singh/OneDrive%20-%20Noida%20Institute%20of%20Engineering%20and%20Technology/Desktop/Assistant-Project-Android/app/src/main/java/com/assistant/services/actions/ActionExecutor.kt:72:28 Expecting member declaration
e: file:///C:/Users/Aman%20Singh/OneDrive%20-%20Noida%20Institute%20of%20Engineering%20and%20Technology/Desktop/Assistant-Project-Android/app/src/main/java/com/assistant/services/actions/ActionExecutor.kt:72:41 Expecting member declaration
e: file:///C:/Users/Aman%20Singh/OneDrive%20-%20Noida%20Institute%20of%20Engineering%20and%20Technology/Desktop/Assistant-Project-Android/app/src/main/java/com/assistant/services/actions/ActionExecutor.kt:72:42 Expecting member declaration
e: file:///C:/Users/Aman%20Singh/OneDrive%20-%20Noida%20Institute%20of%20Engineering%20and%20Technology/Desktop/Assistant-Project-Android/app/src/main/java/com/assistant/services/actions/ActionExecutor.kt:72:54 Expecting member declaration
e: file:///C:/Users/Aman%20Singh/OneDrive%20-%20Noida%20Institute%20of%20Engineering%20and%20Technology/Desktop/Assistant-Project-Android/app/src/main/java/com/assistant/services/actions/ActionExecutor.kt:72:57 Expecting member declaration
e: file:///C:/Users/Aman%20Singh/OneDrive%20-%20Noida%20Institute%20of%20Engineering%20and%20Technology/Desktop/Assistant-Project-Android/app/src/main/java/com/assistant/services/actions/ActionExecutor.kt:80:13 Expecting member declaration
e: file:///C:/Users/Aman%20Singh/OneDrive%20-%20Noida%20Institute%20of%20Engineering%20and%20Technology/Desktop/Assistant-Project-Android/app/src/main/java/com/assistant/services/actions/ActionExecutor.kt:80:24 Expecting member declaration
e: file:///C:/Users/Aman%20Singh/OneDrive%20-%20Noida%20Institute%20of%20Engineering%20and%20Technology/Desktop/Assistant-Project-Android/app/src/main/java/com/assistant/services/actions/ActionExecutor.kt:80:25 Expecting member declaration
e: file:///C:/Users/Aman%20Singh/OneDrive%20-%20Noida%20Institute%20of%20Engineering%20and%20Technology/Desktop/Assistant-Project-Android/app/src/main/java/com/assistant/services/actions/ActionExecutor.kt:80:38 Expecting member declaration
e: file:///C:/Users/Aman%20Singh/OneDrive%20-%20Noida%20Institute%20of%20Engineering%20and%20Technology/Desktop/Assistant-Project-Android/app/src/main/java/com/assistant/services/actions/ActionExecutor.kt:80:39 Expecting member declaration
e: file:///C:/Users/Aman%20Singh/OneDrive%20-%20Noida%20Institute%20of%20Engineering%20and%20Technology/Desktop/Assistant-Project-Android/app/src/main/java/com/assistant/services/actions/ActionExecutor.kt:80:47 Expecting member declaration
e: file:///C:/Users/Aman%20Singh/OneDrive%20-%20Noida%20Institute%20of%20Engineering%20and%20Technology/Desktop/Assistant-Project-Android/app/src/main/java/com/assistant/services/actions/ActionExecutor.kt:80:50 Expecting member declaration
e: file:///C:/Users/Aman%20Singh/OneDrive%20-%20Noida%20Institute%20of%20Engineering%20and%20Technology/Desktop/Assistant-Project-Android/app/src/main/java/com/assistant/services/actions/ActionExecutor.kt:85:5 Expecting a top level declaration
e: file:///C:/Users/Aman%20Singh/OneDrive%20-%20Noida%20Institute%20of%20Engineering%20and%20Technology/Desktop/Assistant-Project-Android/app/src/main/java/com/assistant/services/actions/ActionExecutor.kt:149:1 Expecting a top level declaration
e: file:///C:/Users/Aman%20Singh/OneDrive%20-%20Noida%20Institute%20of%20Engineering%20and%20Technology/Desktop/Assistant-Project-Android/app/src/main/java/com/assistant/services/actions/ActionExecutor.kt:72:57 Conflicting overloads: public final fun `<no name provided>`(): Unit defined in com.assistant.services.actions.ActionExecutor, public final fun `<no name provided>`(): Unit defined in com.assistant.services.actions.ActionExecutor
e: file:///C:/Users/Aman%20Singh/OneDrive%20-%20Noida%20Institute%20of%20Engineering%20and%20Technology/Desktop/Assistant-Project-Android/app/src/main/java/com/assistant/services/actions/ActionExecutor.kt:72:57 Function declaration must have a name
e: file:///C:/Users/Aman%20Singh/OneDrive%20-%20Noida%20Institute%20of%20Engineering%20and%20Technology/Desktop/Assistant-Project-Android/app/src/main/java/com/assistant/services/actions/ActionExecutor.kt:73:42 Unresolved reference: decision
e: file:///C:/Users/Aman%20Singh/OneDrive%20-%20Noida%20Institute%20of%20Engineering%20and%20Technology/Desktop/Assistant-Project-Android/app/src/main/java/com/assistant/services/actions/ActionExecutor.kt:73:69 Unresolved reference: decision
e: file:///C:/Users/Aman%20Singh/OneDrive%20-%20Noida%20Institute%20of%20Engineering%20and%20Technology/Desktop/Assistant-Project-Android/app/src/main/java/com/assistant/services/actions/ActionExecutor.kt:74:23 Unresolved reference: decision
e: file:///C:/Users/Aman%20Singh/OneDrive%20-%20Noida%20Institute%20of%20Engineering%20and%20Technology/Desktop/Assistant-Project-Android/app/src/main/java/com/assistant/services/actions/ActionExecutor.kt:75:21 Comparison of incompatible enums '[Error type: Error property type]' and 'PlaybackApp' is always unsuccessful
e: file:///C:/Users/Aman%20Singh/OneDrive%20-%20Noida%20Institute%20of%20Engineering%20and%20Technology/Desktop/Assistant-Project-Android/app/src/main/java/com/assistant/services/actions/ActionExecutor.kt:75:79 Unresolved reference: decision
e: file:///C:/Users/Aman%20Singh/OneDrive%20-%20Noida%20Institute%20of%20Engineering%20and%20Technology/Desktop/Assistant-Project-Android/app/src/main/java/com/assistant/services/actions/ActionExecutor.kt:76:21 Comparison of incompatible enums '[Error type: Error property type]' and 'PlaybackApp' is always unsuccessful
e: file:///C:/Users/Aman%20Singh/OneDrive%20-%20Noida%20Institute%20of%20Engineering%20and%20Technology/Desktop/Assistant-Project-Android/app/src/main/java/com/assistant/services/actions/ActionExecutor.kt:76:79 Unresolved reference: decision
e: file:///C:/Users/Aman%20Singh/OneDrive%20-%20Noida%20Institute%20of%20Engineering%20and%20Technology/Desktop/Assistant-Project-Android/app/src/main/java/com/assistant/services/actions/ActionExecutor.kt:77:68 Unresolved reference: decision
e: file:///C:/Users/Aman%20Singh/OneDrive%20-%20Noida%20Institute%20of%20Engineering%20and%20Technology/Desktop/Assistant-Project-Android/app/src/main/java/com/assistant/services/actions/ActionExecutor.kt:80:50 Conflicting overloads: public final fun `<no name provided>`(): Unit defined in com.assistant.services.actions.ActionExecutor, public final fun `<no name provided>`(): Unit defined in com.assistant.services.actions.ActionExecutor
e: file:///C:/Users/Aman%20Singh/OneDrive%20-%20Noida%20Institute%20of%20Engineering%20and%20Technology/Desktop/Assistant-Project-Android/app/src/main/java/com/assistant/services/actions/ActionExecutor.kt:80:50 Function declaration must have a name
e: file:///C:/Users/Aman%20Singh/OneDrive%20-%20Noida%20Institute%20of%20Engineering%20and%20Technology/Desktop/Assistant-Project-Android/app/src/main/java/com/assistant/services/actions/ActionExecutor.kt:108:45 Unresolved reference: context
e: file:///C:/Users/Aman%20Singh/OneDrive%20-%20Noida%20Institute%20of%20Engineering%20and%20Technology/Desktop/Assistant-Project-Android/app/src/main/java/com/assistant/services/actions/ActionExecutor.kt:109:17 Unresolved reference: context
e: file:///C:/Users/Aman%20Singh/OneDrive%20-%20Noida%20Institute%20of%20Engineering%20and%20Technology/Desktop/Assistant-Project-Android/app/src/main/java/com/assistant/services/actions/ActionExecutor.kt:110:23 Unresolved reference: TAG
e: file:///C:/Users/Aman%20Singh/OneDrive%20-%20Noida%20Institute%20of%20Engineering%20and%20Technology/Desktop/Assistant-Project-Android/app/src/main/java/com/assistant/services/actions/ActionExecutor.kt:115:47 Unresolved reference: context
e: file:///C:/Users/Aman%20Singh/OneDrive%20-%20Noida%20Institute%20of%20Engineering%20and%20Technology/Desktop/Assistant-Project-Android/app/src/main/java/com/assistant/services/actions/ActionExecutor.kt:116:22 Unresolved reference: context
e: file:///C:/Users/Aman%20Singh/OneDrive%20-%20Noida%20Institute%20of%20Engineering%20and%20Technology/Desktop/Assistant-Project-Android/app/src/main/java/com/assistant/services/actions/ActionExecutor.kt:117:28 Unresolved reference: TAG
e: file:///C:/Users/Aman%20Singh/OneDrive%20-%20Noida%20Institute%20of%20Engineering%20and%20Technology/Desktop/Assistant-Project-Android/app/src/main/java/com/assistant/services/actions/ActionExecutor.kt:119:28 Unresolved reference: TAG
e: file:///C:/Users/Aman%20Singh/OneDrive%20-%20Noida%20Institute%20of%20Engineering%20and%20Technology/Desktop/Assistant-Project-Android/app/src/main/java/com/assistant/services/actions/ActionExecutor.kt:123:19 Unresolved reference: TAG
e: file:///C:/Users/Aman%20Singh/OneDrive%20-%20Noida%20Institute%20of%20Engineering%20and%20Technology/Desktop/Assistant-Project-Android/app/src/main/java/com/assistant/services/actions/ActionExecutor.kt:135:40 Unresolved reference: context
e: file:///C:/Users/Aman%20Singh/OneDrive%20-%20Noida%20Institute%20of%20Engineering%20and%20Technology/Desktop/Assistant-Project-Android/app/src/main/java/com/assistant/services/actions/ActionExecutor.kt:136:17 Unresolved reference: context
e: file:///C:/Users/Aman%20Singh/OneDrive%20-%20Noida%20Institute%20of%20Engineering%20and%20Technology/Desktop/Assistant-Project-Android/app/src/main/java/com/assistant/services/actions/ActionExecutor.kt:137:23 Unresolved reference: TAG
e: file:///C:/Users/Aman%20Singh/OneDrive%20-%20Noida%20Institute%20of%20Engineering%20and%20Technology/Desktop/Assistant-Project-Android/app/src/main/java/com/assistant/services/actions/ActionExecutor.kt:142:18 Unresolved reference: context
e: file:///C:/Users/Aman%20Singh/OneDrive%20-%20Noida%20Institute%20of%20Engineering%20and%20Technology/Desktop/Assistant-Project-Android/app/src/main/java/com/assistant/services/actions/ActionExecutor.kt:143:24 Unresolved reference: TAG
e: file:///C:/Users/Aman%20Singh/OneDrive%20-%20Noida%20Institute%20of%20Engineering%20and%20Technology/Desktop/Assistant-Project-Android/app/src/main/java/com/assistant/services/actions/ActionExecutor.kt:146:19 Unresolved reference: TAG

[Incubating] Problems report is available at: file:///C:/Users/Aman%20Singh/OneDrive%20-%20Noida%20Institute%20of%20Engineering%20and%20Technology/Desktop/Assistant-Project-Android/build/reports/problems/problems-report.html

FAILURE: Build failed with an exception.

* What went wrong:
Execution failed for task ':app:compileDebugKotlin'.
> A failure occurred while executing org.jetbrains.kotlin.compilerRunner.GradleCompilerRunnerWithWorkers$GradleKotlinCompilerWorkAction
   > Compilation error. See log for more details

* Try:
> Run with --stacktrace option to get the stack trace.
> Run with --info or --debug option to get more log output.
> Run with --scan to get full insights.
> Get more help at https://help.gradle.org.

Deprecated Gradle features were used in this build, making it incompatible with Gradle 9.0.

You can use '--warning-mode all' to show the individual deprecation warnings and determine if they come from your own scripts or plugins.

For more on this, please refer to https://docs.gradle.org/8.14/userguide/command_line_interface.html#sec:command_line_warnings in the Gradle documentation.

BUILD FAILED in 14s
18 actionable tasks: 2 executed, 16 up-to-date
